# JRE version: OpenJDK Runtime Environment Temurin-17.0.4.1+1 (17.0.4.1+1) (build 17.0.4.1+1)
# Java VM: OpenJDK 64-Bit Server VM Temurin-17.0.4.1+1 (17.0.4.1+1, mixed mode, emulated-client, tiered, compressed oops, compressed class ptrs, g1 gc, linux-amd64)
GC Precious Log:
 CPUs: 8 total, 8 available
 Memory: 7852M
 Large Page Support: Disabled
 NUMA Support: Disabled
 Compressed Oops: Enabled (32-bit)
 Heap Region Size: 1M
 Heap Min Capacity: 8M
 Heap Initial Capacity: 124M
 Heap Max Capacity: 1964M
 Pre-touch: Disabled
 Parallel Workers: 8
 Concurrent Workers: 2
 Concurrent Refinement Workers: 8
 Periodic GC: Disabled
Heap:
 garbage-first heap   total 59392K, used 26907K [0x0000000085400000, 0x0000000100000000)
  region size 1024K, 7 young (7168K), 4 survivors (4096K)
 Metaspace       used 60548K, committed 60928K, reserved 1105920K
  class space    used 8229K, committed 8448K, reserved 1048576K
GC Heap History (20 events):
Event: 1,533 GC heap before
{Heap before GC invocations=5 (full 0):
 garbage-first heap   total 40960K, used 27085K [0x0000000085400000, 0x0000000100000000)
  region size 1024K, 21 young (21504K), 3 survivors (3072K)
 Metaspace       used 27462K, committed 27776K, reserved 1073152K
  class space    used 3318K, committed 3456K, reserved 1048576K
}
Event: 1,537 GC heap after
{Heap after GC invocations=6 (full 0):
 garbage-first heap   total 49152K, used 11286K [0x0000000085400000, 0x0000000100000000)
  region size 1024K, 3 young (3072K), 3 survivors (3072K)
 Metaspace       used 27462K, committed 27776K, reserved 1073152K
  class space    used 3318K, committed 3456K, reserved 1048576K
}
Event: 1,835 GC heap before
{Heap before GC invocations=6 (full 0):
 garbage-first heap   total 49152K, used 33814K [0x0000000085400000, 0x0000000100000000)
  region size 1024K, 25 young (25600K), 3 survivors (3072K)
 Metaspace       used 29681K, committed 30016K, reserved 1081344K
  class space    used 3676K, committed 3840K, reserved 1048576K
}
Event: 1,838 GC heap after
{Heap after GC invocations=7 (full 0):
 garbage-first heap   total 49152K, used 12291K [0x0000000085400000, 0x0000000100000000)
  region size 1024K, 3 young (3072K), 3 survivors (3072K)
 Metaspace       used 29681K, committed 30016K, reserved 1081344K
  class space    used 3676K, committed 3840K, reserved 1048576K
}
Event: 2,151 GC heap before
{Heap before GC invocations=7 (full 0):
 garbage-first heap   total 49152K, used 33795K [0x0000000085400000, 0x0000000100000000)
  region size 1024K, 25 young (25600K), 3 survivors (3072K)
 Metaspace       used 32991K, committed 33344K, reserved 1081344K
  class space    used 4224K, committed 4352K, reserved 1048576K
}
Event: 2,155 GC heap after
{Heap after GC invocations=8 (full 0):
 garbage-first heap   total 49152K, used 14419K [0x0000000085400000, 0x0000000100000000)
  region size 1024K, 4 young (4096K), 4 survivors (4096K)
 Metaspace       used 32991K, committed 33344K, reserved 1081344K
  class space    used 4224K, committed 4352K, reserved 1048576K
}
Event: 2,390 GC heap before
{Heap before GC invocations=8 (full 0):
 garbage-first heap   total 49152K, used 31827K [0x0000000085400000, 0x0000000100000000)
  region size 1024K, 23 young (23552K), 4 survivors (4096K)
 Metaspace       used 35854K, committed 36160K, reserved 1081344K
  class space    used 4549K, committed 4672K, reserved 1048576K
}
Event: 2,394 GC heap after
{Heap after GC invocations=9 (full 0):
 garbage-first heap   total 49152K, used 16311K [0x0000000085400000, 0x0000000100000000)
  region size 1024K, 2 young (2048K), 2 survivors (2048K)
 Metaspace       used 35854K, committed 36160K, reserved 1081344K
  class space    used 4549K, committed 4672K, reserved 1048576K
}
Event: 2,647 GC heap before
{Heap before GC invocations=10 (full 0):
 garbage-first heap   total 49152K, used 34743K [0x0000000085400000, 0x0000000100000000)
  region size 1024K, 21 young (21504K), 2 survivors (2048K)
 Metaspace       used 40614K, committed 41024K, reserved 1089536K
  class space    used 5132K, committed 5312K, reserved 1048576K
}
Event: 2,650 GC heap after
{Heap after GC invocations=11 (full 0):
 garbage-first heap   total 49152K, used 18283K [0x0000000085400000, 0x0000000100000000)
  region size 1024K, 2 young (2048K), 2 survivors (2048K)
 Metaspace       used 40614K, committed 41024K, reserved 1089536K
  class space    used 5132K, committed 5312K, reserved 1048576K
}
Event: 2,869 GC heap before
{Heap before GC invocations=11 (full 0):
 garbage-first heap   total 49152K, used 35691K [0x0000000085400000, 0x0000000100000000)
  region size 1024K, 20 young (20480K), 2 survivors (2048K)
 Metaspace       used 44626K, committed 45056K, reserved 1089536K
  class space    used 5738K, committed 5952K, reserved 1048576K
}
Event: 2,872 GC heap after
{Heap after GC invocations=12 (full 0):
 garbage-first heap   total 59392K, used 18559K [0x0000000085400000, 0x0000000100000000)
  region size 1024K, 3 young (3072K), 3 survivors (3072K)
 Metaspace       used 44626K, committed 45056K, reserved 1089536K
  class space    used 5738K, committed 5952K, reserved 1048576K
}
Event: 3,192 GC heap before
{Heap before GC invocations=12 (full 0):
 garbage-first heap   total 59392K, used 43135K [0x0000000085400000, 0x0000000100000000)
  region size 1024K, 28 young (28672K), 3 survivors (3072K)
 Metaspace       used 50810K, committed 51200K, reserved 1097728K
  class space    used 6696K, committed 6848K, reserved 1048576K
}
Event: 3,196 GC heap after
{Heap after GC invocations=13 (full 0):
 garbage-first heap   total 59392K, used 20129K [0x0000000085400000, 0x0000000100000000)
  region size 1024K, 3 young (3072K), 3 survivors (3072K)
 Metaspace       used 50810K, committed 51200K, reserved 1097728K
  class space    used 6696K, committed 6848K, reserved 1048576K
}
Event: 3,545 GC heap before
{Heap before GC invocations=13 (full 0):
 garbage-first heap   total 59392K, used 44705K [0x0000000085400000, 0x0000000100000000)
  region size 1024K, 27 young (27648K), 3 survivors (3072K)
 Metaspace       used 55585K, committed 55872K, reserved 1097728K
  class space    used 7487K, committed 7616K, reserved 1048576K
}
Event: 3,548 GC heap after
{Heap after GC invocations=14 (full 0):
 garbage-first heap   total 59392K, used 21258K [0x0000000085400000, 0x0000000100000000)
  region size 1024K, 3 young (3072K), 3 survivors (3072K)
 Metaspace       used 55585K, committed 55872K, reserved 1097728K
  class space    used 7487K, committed 7616K, reserved 1048576K
}
Event: 3,826 GC heap before
{Heap before GC invocations=14 (full 0):
 garbage-first heap   total 59392K, used 45834K [0x0000000085400000, 0x0000000100000000)
  region size 1024K, 27 young (27648K), 3 survivors (3072K)
 Metaspace       used 58212K, committed 58688K, reserved 1105920K
  class space    used 7885K, committed 8128K, reserved 1048576K
}
Event: 3,829 GC heap after
{Heap after GC invocations=15 (full 0):
 garbage-first heap   total 59392K, used 22987K [0x0000000085400000, 0x0000000100000000)
  region size 1024K, 3 young (3072K), 3 survivors (3072K)
 Metaspace       used 58212K, committed 58688K, reserved 1105920K
  class space    used 7885K, committed 8128K, reserved 1048576K
}
Event: 4,070 GC heap before
{Heap before GC invocations=15 (full 0):
 garbage-first heap   total 59392K, used 40395K [0x0000000085400000, 0x0000000100000000)
  region size 1024K, 21 young (21504K), 3 survivors (3072K)
 Metaspace       used 60187K, committed 60608K, reserved 1105920K
  class space    used 8179K, committed 8384K, reserved 1048576K
}
Event: 4,074 GC heap after
{Heap after GC invocations=16 (full 0):
 garbage-first heap   total 59392K, used 24859K [0x0000000085400000, 0x0000000100000000)
  region size 1024K, 4 young (4096K), 4 survivors (4096K)
 Metaspace       used 60187K, committed 60608K, reserved 1105920K
  class space    used 8179K, committed 8384K, reserved 1048576K
}

